1690234914479	geckodriver	INFO	Listening on 127.0.0.1:55705
1690234917542	mozrunner::runner	INFO	Running command: "C:\\Program Files\\Mozilla Firefox\\firefox.exe" "--marionette" "--remote-debugging-port" "55706" "--remote-allow-hosts" "localhost" "-no-remote" "-profile" "C:\\Users\\vitor\\AppData\\Local\\Temp\\rust_mozprofileknvxje"
1690234920482	Marionette	INFO	Marionette enabled
console.warn: SearchSettings: "get: No settings file exists, new profile?" (new Error("", "(unknown module)"))
DevTools listening on ws://localhost:55706/devtools/browser/fdd4b110-0396-443e-808b-1647dbb6f0dc
1690234923204	Marionette	INFO	Listening on port 55717
1690234923517	Marionette	WARN	TLS certificate errors will be ignored for this session
1690234935156	Marionette	INFO	Stopped listening on port 55717
!!! error running onStopped callback: TypeError: callback is not a function

###!!! [Child][RunMessage] Error: Channel closing: too late to send/recv, messages will be lost

1690234935468	RemoteAgent	ERROR	unable to stop listener: [Exception... "Component returned failure code: 0x8000ffff (NS_ERROR_UNEXPECTED) [nsIWindowMediator.getEnumerator]"  nsresult: "0x8000ffff (NS_ERROR_UNEXPECTED)"  location: "JS frame :: chrome://remote/content/cdp/observers/TargetObserver.jsm :: stop :: line 64"  data: no] Stack trace: stop()@TargetObserver.jsm:64
unwatchForTabs()@TargetList.jsm:70
unwatchForTargets()@TargetList.jsm:37
destructor()@TargetList.jsm:109
close()@RemoteAgent.jsm:136
1690243781752	geckodriver	INFO	Listening on 127.0.0.1:56214
1690243784847	mozrunner::runner	INFO	Running command: "C:\\Program Files\\Mozilla Firefox\\firefox.exe" "--marionette" "--headless" "--remote-debugging-port" "562 ... 5" "--remote-allow-hosts" "localhost" "-no-remote" "-profile" "C:\\Users\\vitor\\AppData\\Local\\Temp\\rust_mozprofilePgFYgV"
*** You are running in headless mode.
1690243785472	Marionette	INFO	Marionette enabled
console.warn: SearchSettings: "get: No settings file exists, new profile?" (new Error("", "(unknown module)"))
DevTools listening on ws://localhost:56215/devtools/browser/6b0f47d6-286f-42b7-b33a-518890525f9e
1690243786638	Marionette	INFO	Listening on port 56226
1690243786902	Marionette	WARN	TLS certificate errors will be ignored for this session
1690245183593	geckodriver	INFO	Listening on 127.0.0.1:56724
